Determining if the pthread_create exist failed with the following output:
Change Dir: /home/wwang/learnslam/myslamcode/ch5/joinMap/build/CMakeFiles/CMakeTmp

Run Build Command:"/usr/bin/make" "cmTC_94856/fast"
/usr/bin/make -f CMakeFiles/cmTC_94856.dir/build.make CMakeFiles/cmTC_94856.dir/build
make[1]: Entering directory '/home/wwang/learnslam/myslamcode/ch5/joinMap/build/CMakeFiles/CMakeTmp'
Building C object CMakeFiles/cmTC_94856.dir/CheckSymbolExists.c.o
/usr/bin/cc    -fPIC    -o CMakeFiles/cmTC_94856.dir/CheckSymbolExists.c.o   -c /home/wwang/learnslam/myslamcode/ch5/joinMap/build/CMakeFiles/CMakeTmp/CheckSymbolExists.c
Linking C executable cmTC_94856
/usr/bin/cmake -E cmake_link_script CMakeFiles/cmTC_94856.dir/link.txt --verbose=1
/usr/bin/cc  -fPIC     CMakeFiles/cmTC_94856.dir/CheckSymbolExists.c.o  -o cmTC_94856 -rdynamic 
CMakeFiles/cmTC_94856.dir/CheckSymbolExists.c.o：在函数‘main’中：
CheckSymbolExists.c:(.text+0x1b)：对‘pthread_create’未定义的引用
collect2: error: ld returned 1 exit status
CMakeFiles/cmTC_94856.dir/build.make:97: recipe for target 'cmTC_94856' failed
make[1]: *** [cmTC_94856] Error 1
make[1]: Leaving directory '/home/wwang/learnslam/myslamcode/ch5/joinMap/build/CMakeFiles/CMakeTmp'
Makefile:126: recipe for target 'cmTC_94856/fast' failed
make: *** [cmTC_94856/fast] Error 2

File /home/wwang/learnslam/myslamcode/ch5/joinMap/build/CMakeFiles/CMakeTmp/CheckSymbolExists.c:
/* */
#include <pthread.h>

int main(int argc, char** argv)
{
  (void)argv;
#ifndef pthread_create
  return ((int*)(&pthread_create))[argc];
#else
  (void)argc;
  return 0;
#endif
}

Determining if the function pthread_create exists in the pthreads failed with the following output:
Change Dir: /home/wwang/learnslam/myslamcode/ch5/joinMap/build/CMakeFiles/CMakeTmp

Run Build Command:"/usr/bin/make" "cmTC_928e7/fast"
/usr/bin/make -f CMakeFiles/cmTC_928e7.dir/build.make CMakeFiles/cmTC_928e7.dir/build
make[1]: Entering directory '/home/wwang/learnslam/myslamcode/ch5/joinMap/build/CMakeFiles/CMakeTmp'
Building C object CMakeFiles/cmTC_928e7.dir/CheckFunctionExists.c.o
/usr/bin/cc    -fPIC -DCHECK_FUNCTION_EXISTS=pthread_create   -o CMakeFiles/cmTC_928e7.dir/CheckFunctionExists.c.o   -c /usr/share/cmake-3.5/Modules/CheckFunctionExists.c
Linking C executable cmTC_928e7
/usr/bin/cmake -E cmake_link_script CMakeFiles/cmTC_928e7.dir/link.txt --verbose=1
/usr/bin/cc  -fPIC -DCHECK_FUNCTION_EXISTS=pthread_create    CMakeFiles/cmTC_928e7.dir/CheckFunctionExists.c.o  -o cmTC_928e7 -rdynamic -lpthreads 
/usr/bin/ld: 找不到 -lpthreads
collect2: error: ld returned 1 exit status
CMakeFiles/cmTC_928e7.dir/build.make:97: recipe for target 'cmTC_928e7' failed
make[1]: *** [cmTC_928e7] Error 1
make[1]: Leaving directory '/home/wwang/learnslam/myslamcode/ch5/joinMap/build/CMakeFiles/CMakeTmp'
Makefile:126: recipe for target 'cmTC_928e7/fast' failed
make: *** [cmTC_928e7/fast] Error 2


