Determining if the pthread_create exist failed with the following output:
Change Dir: /home/wwang/learnslam/myslamcode/ch6/g2o_curve_fitting/build/CMakeFiles/CMakeTmp

Run Build Command:"/usr/bin/make" "cmTC_3da2a/fast"
/usr/bin/make -f CMakeFiles/cmTC_3da2a.dir/build.make CMakeFiles/cmTC_3da2a.dir/build
make[1]: Entering directory '/home/wwang/learnslam/myslamcode/ch6/g2o_curve_fitting/build/CMakeFiles/CMakeTmp'
Building C object CMakeFiles/cmTC_3da2a.dir/CheckSymbolExists.c.o
/usr/bin/cc    -fPIC    -o CMakeFiles/cmTC_3da2a.dir/CheckSymbolExists.c.o   -c /home/wwang/learnslam/myslamcode/ch6/g2o_curve_fitting/build/CMakeFiles/CMakeTmp/CheckSymbolExists.c
Linking C executable cmTC_3da2a
/usr/bin/cmake -E cmake_link_script CMakeFiles/cmTC_3da2a.dir/link.txt --verbose=1
/usr/bin/cc  -fPIC     CMakeFiles/cmTC_3da2a.dir/CheckSymbolExists.c.o  -o cmTC_3da2a -rdynamic 
CMakeFiles/cmTC_3da2a.dir/CheckSymbolExists.c.o: In function `main':
CheckSymbolExists.c:(.text+0x1b): undefined reference to `pthread_create'
collect2: error: ld returned 1 exit status
CMakeFiles/cmTC_3da2a.dir/build.make:97: recipe for target 'cmTC_3da2a' failed
make[1]: *** [cmTC_3da2a] Error 1
make[1]: Leaving directory '/home/wwang/learnslam/myslamcode/ch6/g2o_curve_fitting/build/CMakeFiles/CMakeTmp'
Makefile:126: recipe for target 'cmTC_3da2a/fast' failed
make: *** [cmTC_3da2a/fast] Error 2

File /home/wwang/learnslam/myslamcode/ch6/g2o_curve_fitting/build/CMakeFiles/CMakeTmp/CheckSymbolExists.c:
/* */
#include <pthread.h>

int main(int argc, char** argv)
{
  (void)argv;
#ifndef pthread_create
  return ((int*)(&pthread_create))[argc];
#else
  (void)argc;
  return 0;
#endif
}

Determining if the function pthread_create exists in the pthreads failed with the following output:
Change Dir: /home/wwang/learnslam/myslamcode/ch6/g2o_curve_fitting/build/CMakeFiles/CMakeTmp

Run Build Command:"/usr/bin/make" "cmTC_5f143/fast"
/usr/bin/make -f CMakeFiles/cmTC_5f143.dir/build.make CMakeFiles/cmTC_5f143.dir/build
make[1]: Entering directory '/home/wwang/learnslam/myslamcode/ch6/g2o_curve_fitting/build/CMakeFiles/CMakeTmp'
Building C object CMakeFiles/cmTC_5f143.dir/CheckFunctionExists.c.o
/usr/bin/cc    -fPIC -DCHECK_FUNCTION_EXISTS=pthread_create   -o CMakeFiles/cmTC_5f143.dir/CheckFunctionExists.c.o   -c /usr/share/cmake-3.5/Modules/CheckFunctionExists.c
Linking C executable cmTC_5f143
/usr/bin/cmake -E cmake_link_script CMakeFiles/cmTC_5f143.dir/link.txt --verbose=1
/usr/bin/cc  -fPIC -DCHECK_FUNCTION_EXISTS=pthread_create    CMakeFiles/cmTC_5f143.dir/CheckFunctionExists.c.o  -o cmTC_5f143 -rdynamic -lpthreads 
/usr/bin/ld: cannot find -lpthreads
collect2: error: ld returned 1 exit status
CMakeFiles/cmTC_5f143.dir/build.make:97: recipe for target 'cmTC_5f143' failed
make[1]: *** [cmTC_5f143] Error 1
make[1]: Leaving directory '/home/wwang/learnslam/myslamcode/ch6/g2o_curve_fitting/build/CMakeFiles/CMakeTmp'
Makefile:126: recipe for target 'cmTC_5f143/fast' failed
make: *** [cmTC_5f143/fast] Error 2


